ShipyardCore.cs
Utility\Communication.cs
Utility\Extensions.cs
Utility\Logging.cs
Utility\MathUtility.cs
Utility\Profiler.cs
Utility\Utilities.cs
ProcessHandlers\ProcessConveyorCache.cs
ProcessHandlers\ProcessHandlerBase.cs
ProcessHandlers\ProcessLCDMenu.cs
ProcessHandlers\ProcessShipyardAction.cs
ProcessHandlers\ProcessShipyardDetection.cs
ProcessHandlers\ProcessLocalYards.cs
ItemClasses\BlockTarget.cs
ItemClasses\BoxItem.cs
ItemClasses\LCDMenu.cs
ItemClasses\LineItem.cs
ItemClasses\PacketManager.cs
ItemClasses\ScanAnimation.cs
ItemClasses\ShipyardItem.cs
Settings\ShipyardSettings.cs